<?xml version="1.0" encoding="UTF-8"?>
<testsuites name="jest tests" tests="3" failures="1" errors="0" time="0.192">
  <testsuite name="user input" errors="0" failures="1" skipped="0" timestamp="2026-09-01T04:19:10" time="0.161" tests="3">
    <testcase classname="user input whole numbers in range are valid 0f90" name="user input whole numbers in range are valid 0f90" time="0.002">
    </testcase>
    <testcase classname="user input not whole numbers are invalid 6d70" name="user input not whole numbers are invalid 6d70" time="0.001">
      <failure>Error: expect(received).toBe(expected) // Object.is equality

Expected: 2
Received: 1
    at Object.toBe (/Users/liammclennan/code/system-specification-tool/test/guess-demo-node/test/user-input.test.js:16:23)
    at Promise.then.completed (/Users/liammclennan/code/system-specification-tool/test/guess-demo-node/node_modules/jest-circus/build/utils.js:298:28)
    at new Promise (&lt;anonymous&gt;)
    at callAsyncCircusFn (/Users/liammclennan/code/system-specification-tool/test/guess-demo-node/node_modules/jest-circus/build/utils.js:231:10)
    at _callCircusTest (/Users/liammclennan/code/system-specification-tool/test/guess-demo-node/node_modules/jest-circus/build/run.js:316:40)
    at processTicksAndRejections (node:internal/process/task_queues:104:5)
    at _runTest (/Users/liammclennan/code/system-specification-tool/test/guess-demo-node/node_modules/jest-circus/build/run.js:252:3)
    at _runTestsForDescribeBlock (/Users/liammclennan/code/system-specification-tool/test/guess-demo-node/node_modules/jest-circus/build/run.js:126:9)
    at _runTestsForDescribeBlock (/Users/liammclennan/code/system-specification-tool/test/guess-demo-node/node_modules/jest-circus/build/run.js:121:9)
    at _runTestsForDescribeBlock (/Users/liammclennan/code/system-specification-tool/test/guess-demo-node/node_modules/jest-circus/build/run.js:121:9)
    at run (/Users/liammclennan/code/system-specification-tool/test/guess-demo-node/node_modules/jest-circus/build/run.js:71:3)
    at runAndTransformResultsToJestFormat (/Users/liammclennan/code/system-specification-tool/test/guess-demo-node/node_modules/jest-circus/build/legacy-code-todo-rewrite/jestAdapterInit.js:122:21)
    at jestAdapter (/Users/liammclennan/code/system-specification-tool/test/guess-demo-node/node_modules/jest-circus/build/legacy-code-todo-rewrite/jestAdapter.js:79:19)
    at runTestInternal (/Users/liammclennan/code/system-specification-tool/test/guess-demo-node/node_modules/jest-runner/build/runTest.js:367:16)
    at runTest (/Users/liammclennan/code/system-specification-tool/test/guess-demo-node/node_modules/jest-runner/build/runTest.js:444:34)</failure>
    </testcase>
    <testcase classname="user input numbers out of range are invalid 0f90" name="user input numbers out of range are invalid 0f90" time="0">
    </testcase>
  </testsuite>
</testsuites>